<?xml version="1.0" encoding="UTF-8"?>
<testsuite name="VertexTest" tests="1" skipped="0" failures="0" errors="0" timestamp="2021-02-12T19:27:37" hostname="PSLT4053" time="0.988">
  <properties/>
  <testcase name="verTxTestRequest()" classname="VertexTest" time="0.988"/>
  <system-out><![CDATA[]]></system-out>
  <system-err><![CDATA[]]></system-err>
</testsuite>
